app/build/intermediates/manifest_merge_blame_file/debug/manifest-merger-blame-debug-report.txt
1<?xml version="1.0" encoding="utf-8"?>
2<manifest xmlns:android="http://schemas.android.com/apk/res/android"
3    package="com.example.dormyhunt"
4    android:versionCode="1"
5    android:versionName="1.0" >
6
7    <uses-sdk
8        android:minSdkVersion="22"
8-->src\main\AndroidManifest.xml
9        android:targetSdkVersion="33" />
9-->src\main\AndroidManifest.xml
10
11    <uses-feature
11-->src\main\AndroidManifest.xml:6:5-8:36
12        android:name="android.hardware.telephony"
12-->src\main\AndroidManifest.xml:7:9-50
13        android:required="false" />
13-->src\main\AndroidManifest.xml:8:9-33
14
15    <uses-permission android:name="android.permission.INTERNET" />
15-->src\main\AndroidManifest.xml:10:5-67
15-->src\main\AndroidManifest.xml:10:22-64
16    <uses-permission android:name="android.permission.ACCESS_FINE_LOCATION" />
16-->src\main\AndroidManifest.xml:11:5-79
16-->src\main\AndroidManifest.xml:11:22-76
17    <uses-permission android:name="android.permission.ACCESS_COARSE_LOCATION" />
17-->src\main\AndroidManifest.xml:12:5-81
17-->src\main\AndroidManifest.xml:12:22-78
18    <uses-permission
18-->src\main\AndroidManifest.xml:13:5-14:38
19        android:name="android.permission.READ_EXTERNAL_STORAGE"
19-->src\main\AndroidManifest.xml:13:22-77
20        android:maxSdkVersion="32" />
20-->src\main\AndroidManifest.xml:14:9-35
21    <uses-permission
21-->src\main\AndroidManifest.xml:15:5-17:38
22        android:name="android.permission.WRITE_EXTERNAL_STORAGE"
22-->src\main\AndroidManifest.xml:16:9-65
23        android:maxSdkVersion="32" />
23-->src\main\AndroidManifest.xml:17:9-35
24    <uses-permission android:name="android.permission.SEND_SMS" />
24-->src\main\AndroidManifest.xml:18:5-67
24-->src\main\AndroidManifest.xml:18:22-64
25    <uses-permission android:name="android.permission.RECEIVE_SMS" />
25-->src\main\AndroidManifest.xml:19:5-70
25-->src\main\AndroidManifest.xml:19:22-67
26    <uses-permission android:name="android.permission.INTERNET" />
26-->src\main\AndroidManifest.xml:10:5-67
26-->src\main\AndroidManifest.xml:10:22-64
27    <uses-permission android:name="android.permission.WAKE_LOCK" />
27-->src\main\AndroidManifest.xml:21:5-68
27-->src\main\AndroidManifest.xml:21:22-65
28    <uses-permission android:name="com.google.android.c2dm.permission.RECEIVE" />
28-->src\main\AndroidManifest.xml:22:5-82
28-->src\main\AndroidManifest.xml:22:22-79
29    <uses-permission android:name="android.permission.ACCESS_NETWORK_STATE" />
29-->[com.google.firebase:firebase-auth:22.1.2] AndroidManifest.xml:26:5-79
29-->[com.google.firebase:firebase-auth:22.1.2] AndroidManifest.xml:26:22-76
30
31    <uses-feature
31-->[com.google.android.gms:play-services-maps:18.1.0] AndroidManifest.xml:26:5-28:35
32        android:glEsVersion="0x00020000"
32-->[com.google.android.gms:play-services-maps:18.1.0] AndroidManifest.xml:27:9-41
33        android:required="true" />
33-->[com.google.android.gms:play-services-maps:18.1.0] AndroidManifest.xml:28:9-32
34
35    <queries>
35-->[com.google.android.gms:play-services-maps:18.1.0] AndroidManifest.xml:30:5-34:15
36
37        <!-- Needs to be explicitly declared on Android R+ -->
38        <package android:name="com.google.android.apps.maps" />
38-->[com.google.android.gms:play-services-maps:18.1.0] AndroidManifest.xml:33:9-64
38-->[com.google.android.gms:play-services-maps:18.1.0] AndroidManifest.xml:33:18-61
39    </queries>
40
41    <uses-permission android:name="android.permission.POST_NOTIFICATIONS" />
41-->[com.google.firebase:firebase-messaging:23.2.1] AndroidManifest.xml:23:5-77
41-->[com.google.firebase:firebase-messaging:23.2.1] AndroidManifest.xml:23:22-74
42
43    <permission
43-->[androidx.core:core:1.9.0] AndroidManifest.xml:22:5-24:47
44        android:name="com.example.dormyhunt.DYNAMIC_RECEIVER_NOT_EXPORTED_PERMISSION"
44-->[androidx.core:core:1.9.0] AndroidManifest.xml:23:9-81
45        android:protectionLevel="signature" />
45-->[androidx.core:core:1.9.0] AndroidManifest.xml:24:9-44
46
47    <uses-permission android:name="com.example.dormyhunt.DYNAMIC_RECEIVER_NOT_EXPORTED_PERMISSION" />
47-->[androidx.core:core:1.9.0] AndroidManifest.xml:26:5-97
47-->[androidx.core:core:1.9.0] AndroidManifest.xml:26:22-94
48
49    <application
49-->src\main\AndroidManifest.xml:24:5-132:19
50        android:allowBackup="true"
50-->src\main\AndroidManifest.xml:25:9-35
51        android:appComponentFactory="androidx.core.app.CoreComponentFactory"
51-->[androidx.core:core:1.9.0] AndroidManifest.xml:28:18-86
52        android:debuggable="true"
53        android:icon="@drawable/dormify_logo"
53-->src\main\AndroidManifest.xml:26:9-46
54        android:label="@string/app_name"
54-->src\main\AndroidManifest.xml:27:9-41
55        android:roundIcon="@drawable/dormify_logo"
55-->src\main\AndroidManifest.xml:28:9-51
56        android:supportsRtl="true"
56-->src\main\AndroidManifest.xml:29:9-35
57        android:theme="@style/AppTheme.Light" >
57-->src\main\AndroidManifest.xml:30:9-46
58        <activity
58-->src\main\AndroidManifest.xml:31:9-33:40
59            android:name="com.example.dormyhunt.tenant3.PaymentDetailsActivity"
59-->src\main\AndroidManifest.xml:32:13-59
60            android:exported="false" />
60-->src\main\AndroidManifest.xml:33:13-37
61        <activity
61-->src\main\AndroidManifest.xml:34:9-36:40
62            android:name="com.example.dormyhunt.tenant3.DashboardPaymentTenantFragment"
62-->src\main\AndroidManifest.xml:35:13-67
63            android:exported="false" />
63-->src\main\AndroidManifest.xml:36:13-37
64        <activity
64-->src\main\AndroidManifest.xml:37:9-40:59
65            android:name="com.example.dormyhunt.SignUpLandlordActivity"
65-->src\main\AndroidManifest.xml:38:13-51
66            android:exported="false"
66-->src\main\AndroidManifest.xml:39:13-37
67            android:theme="@style/Theme.LoginAndSignUp" />
67-->src\main\AndroidManifest.xml:40:13-56
68        <activity
68-->src\main\AndroidManifest.xml:41:9-44:59
69            android:name="com.example.dormyhunt.tenant3.Dashboard3Activity"
69-->src\main\AndroidManifest.xml:42:13-55
70            android:exported="false"
70-->src\main\AndroidManifest.xml:43:13-37
71            android:theme="@style/Theme.LoginAndSignUp" />
71-->src\main\AndroidManifest.xml:44:13-56
72        <activity
72-->src\main\AndroidManifest.xml:45:9-48:59
73            android:name="com.example.dormyhunt.admin.DashboardAdminActivity"
73-->src\main\AndroidManifest.xml:46:13-57
74            android:exported="false"
74-->src\main\AndroidManifest.xml:47:13-37
75            android:theme="@style/Theme.LoginAndSignUp" />
75-->src\main\AndroidManifest.xml:48:13-56
76        <activity
76-->src\main\AndroidManifest.xml:50:9-53:59
77            android:name="com.example.dormyhunt.SignUpTenantActivity"
77-->src\main\AndroidManifest.xml:51:13-49
78            android:exported="false"
78-->src\main\AndroidManifest.xml:52:13-37
79            android:theme="@style/Theme.LoginAndSignUp" />
79-->src\main\AndroidManifest.xml:53:13-56
80        <activity
80-->src\main\AndroidManifest.xml:54:9-57:59
81            android:name="com.example.dormyhunt.possible.SignUpTenant1Activity"
81-->src\main\AndroidManifest.xml:55:13-59
82            android:exported="false"
82-->src\main\AndroidManifest.xml:56:13-37
83            android:theme="@style/Theme.LoginAndSignUp" />
83-->src\main\AndroidManifest.xml:57:13-56
84        <activity
84-->src\main\AndroidManifest.xml:58:9-61:59
85            android:name="com.example.dormyhunt.possible.SignUpTenant2Activity"
85-->src\main\AndroidManifest.xml:59:13-59
86            android:exported="false"
86-->src\main\AndroidManifest.xml:60:13-37
87            android:theme="@style/Theme.LoginAndSignUp" />
87-->src\main\AndroidManifest.xml:61:13-56
88        <activity
88-->src\main\AndroidManifest.xml:62:9-65:59
89            android:name="com.example.dormyhunt.possible.SignUpTenantMainActivity"
89-->src\main\AndroidManifest.xml:63:13-62
90            android:exported="false"
90-->src\main\AndroidManifest.xml:64:13-37
91            android:theme="@style/Theme.LoginAndSignUp" />
91-->src\main\AndroidManifest.xml:65:13-56
92        <activity
92-->src\main\AndroidManifest.xml:66:9-68:40
93            android:name="com.example.dormyhunt.profile.TermsAndConditions"
93-->src\main\AndroidManifest.xml:67:13-55
94            android:exported="false" />
94-->src\main\AndroidManifest.xml:68:13-37
95        <activity
95-->src\main\AndroidManifest.xml:69:9-71:40
96            android:name="com.example.dormyhunt.profile.AboutUs"
96-->src\main\AndroidManifest.xml:70:13-44
97            android:exported="false" />
97-->src\main\AndroidManifest.xml:71:13-37
98        <activity
98-->src\main\AndroidManifest.xml:72:9-74:40
99            android:name="com.example.dormyhunt.landlord.DormitoriesAdapter"
99-->src\main\AndroidManifest.xml:73:13-56
100            android:exported="false" />
100-->src\main\AndroidManifest.xml:74:13-37
101        <activity
101-->src\main\AndroidManifest.xml:75:9-79:59
102            android:name="com.example.dormyhunt.landlord.LandlordDashboardActivity"
102-->src\main\AndroidManifest.xml:76:13-63
103            android:exported="false"
103-->src\main\AndroidManifest.xml:77:13-37
104            android:label=""
104-->src\main\AndroidManifest.xml:78:13-29
105            android:theme="@style/Theme.LoginAndSignUp" />
105-->src\main\AndroidManifest.xml:79:13-56
106        <activity
106-->src\main\AndroidManifest.xml:80:9-83:59
107            android:name="com.example.dormyhunt.DashboardActivity"
107-->src\main\AndroidManifest.xml:81:13-46
108            android:exported="false"
108-->src\main\AndroidManifest.xml:82:13-37
109            android:theme="@style/Theme.LoginAndSignUp" />
109-->src\main\AndroidManifest.xml:83:13-56
110        <activity
110-->src\main\AndroidManifest.xml:84:9-87:59
111            android:name="com.example.dormyhunt.PersonalInformationActivity"
111-->src\main\AndroidManifest.xml:85:13-56
112            android:exported="false"
112-->src\main\AndroidManifest.xml:86:13-37
113            android:theme="@style/Theme.LoginAndSignUp" />
113-->src\main\AndroidManifest.xml:87:13-56
114        <activity
114-->src\main\AndroidManifest.xml:88:9-92:59
115            android:name="com.example.dormyhunt.SignInActivity"
115-->src\main\AndroidManifest.xml:89:13-43
116            android:exported="false"
116-->src\main\AndroidManifest.xml:90:13-37
117            android:label="Sign In Activity"
117-->src\main\AndroidManifest.xml:91:13-45
118            android:theme="@style/Theme.LoginAndSignUp" />
118-->src\main\AndroidManifest.xml:92:13-56
119        <activity
119-->src\main\AndroidManifest.xml:93:9-96:59
120            android:name="com.example.dormyhunt.SignUpActivity"
120-->src\main\AndroidManifest.xml:94:13-43
121            android:exported="false"
121-->src\main\AndroidManifest.xml:95:13-37
122            android:theme="@style/Theme.LoginAndSignUp" />
122-->src\main\AndroidManifest.xml:96:13-56
123        <activity
123-->src\main\AndroidManifest.xml:97:9-105:20
124            android:name="com.example.dormyhunt.MainActivity"
124-->src\main\AndroidManifest.xml:98:13-41
125            android:exported="true" >
125-->src\main\AndroidManifest.xml:99:13-36
126            <intent-filter>
126-->src\main\AndroidManifest.xml:100:13-104:29
127                <action android:name="android.intent.action.MAIN" />
127-->src\main\AndroidManifest.xml:101:17-69
127-->src\main\AndroidManifest.xml:101:25-66
128
129                <category android:name="android.intent.category.LAUNCHER" />
129-->src\main\AndroidManifest.xml:103:17-77
129-->src\main\AndroidManifest.xml:103:27-74
130            </intent-filter>
131        </activity>
132        <activity
132-->src\main\AndroidManifest.xml:106:9-109:59
133            android:name="com.example.dormyhunt.landlord.LandlordPersonalInformationActivity"
133-->src\main\AndroidManifest.xml:107:13-73
134            android:exported="false"
134-->src\main\AndroidManifest.xml:108:13-37
135            android:theme="@style/Theme.LoginAndSignUp" />
135-->src\main\AndroidManifest.xml:109:13-56
136
137        <meta-data
137-->src\main\AndroidManifest.xml:111:9-113:71
138            android:name="com.google.android.geo.API_KEY"
138-->src\main\AndroidManifest.xml:112:13-58
139            android:value="AIzaSyAJlfqCumlBh5uzIZ8nVR1unnDSJ7kKPm4" />
139-->src\main\AndroidManifest.xml:113:13-68
140        <meta-data
140-->src\main\AndroidManifest.xml:114:9-116:57
141            android:name="preloaded_fonts"
141-->src\main\AndroidManifest.xml:115:13-43
142            android:resource="@array/preloaded_fonts" />
142-->src\main\AndroidManifest.xml:116:13-54
143
144        <service
144-->src\main\AndroidManifest.xml:118:9-124:19
145            android:name="com.example.dormyhunt.MyFirebaseMessagingService"
145-->src\main\AndroidManifest.xml:119:13-55
146            android:exported="false" >
146-->src\main\AndroidManifest.xml:120:13-37
147            <intent-filter>
147-->src\main\AndroidManifest.xml:121:13-123:29
148                <action android:name="com.google.firebase.MESSAGING_EVENT" />
148-->src\main\AndroidManifest.xml:122:17-78
148-->src\main\AndroidManifest.xml:122:25-75
149            </intent-filter>
150        </service>
151        <service
151-->src\main\AndroidManifest.xml:125:9-131:19
152            android:name="com.example.dormyhunt.chat.FCMNotificationService"
152-->src\main\AndroidManifest.xml:126:13-56
153            android:exported="false" >
153-->src\main\AndroidManifest.xml:127:13-37
154            <intent-filter>
154-->src\main\AndroidManifest.xml:121:13-123:29
155                <action android:name="com.google.firebase.MESSAGING_EVENT" />
155-->src\main\AndroidManifest.xml:122:17-78
155-->src\main\AndroidManifest.xml:122:25-75
156            </intent-filter>
157        </service>
158        <service
158-->[com.google.firebase:firebase-auth-ktx:22.1.2] AndroidManifest.xml:8:9-14:19
159            android:name="com.google.firebase.components.ComponentDiscoveryService"
159-->[com.google.firebase:firebase-auth-ktx:22.1.2] AndroidManifest.xml:9:13-84
160            android:directBootAware="true"
160-->[com.google.firebase:firebase-common:20.3.2] AndroidManifest.xml:34:13-43
161            android:exported="false" >
161-->[com.google.firebase:firebase-auth-ktx:22.1.2] AndroidManifest.xml:10:13-37
162            <meta-data
162-->[com.google.firebase:firebase-auth-ktx:22.1.2] AndroidManifest.xml:11:13-13:85
163                android:name="com.google.firebase.components:com.google.firebase.auth.ktx.FirebaseAuthKtxRegistrar"
163-->[com.google.firebase:firebase-auth-ktx:22.1.2] AndroidManifest.xml:12:17-116
164                android:value="com.google.firebase.components.ComponentRegistrar" />
164-->[com.google.firebase:firebase-auth-ktx:22.1.2] AndroidManifest.xml:13:17-82
165            <meta-data
165-->[com.google.firebase:firebase-auth:22.1.2] AndroidManifest.xml:69:13-71:85
166                android:name="com.google.firebase.components:com.google.firebase.auth.FirebaseAuthRegistrar"
166-->[com.google.firebase:firebase-auth:22.1.2] AndroidManifest.xml:70:17-109
167                android:value="com.google.firebase.components.ComponentRegistrar" />
167-->[com.google.firebase:firebase-auth:22.1.2] AndroidManifest.xml:71:17-82
168            <meta-data
168-->[com.google.firebase:firebase-database-ktx:20.2.2] AndroidManifest.xml:14:13-16:85
169                android:name="com.google.firebase.components:com.google.firebase.database.ktx.FirebaseDatabaseKtxRegistrar"
169-->[com.google.firebase:firebase-database-ktx:20.2.2] AndroidManifest.xml:15:17-124
170                android:value="com.google.firebase.components.ComponentRegistrar" />
170-->[com.google.firebase:firebase-database-ktx:20.2.2] AndroidManifest.xml:16:17-82
171            <meta-data
171-->[com.google.firebase:firebase-storage-ktx:20.2.1] AndroidManifest.xml:14:13-16:85
172                android:name="com.google.firebase.components:com.google.firebase.storage.ktx.FirebaseStorageKtxRegistrar"
172-->[com.google.firebase:firebase-storage-ktx:20.2.1] AndroidManifest.xml:15:17-122
173                android:value="com.google.firebase.components.ComponentRegistrar" />
173-->[com.google.firebase:firebase-storage-ktx:20.2.1] AndroidManifest.xml:16:17-82
174            <meta-data
174-->[com.google.firebase:firebase-firestore-ktx:24.8.1] AndroidManifest.xml:12:13-14:85
175                android:name="com.google.firebase.components:com.google.firebase.firestore.ktx.FirebaseFirestoreKtxRegistrar"
175-->[com.google.firebase:firebase-firestore-ktx:24.8.1] AndroidManifest.xml:13:17-126
176                android:value="com.google.firebase.components.ComponentRegistrar" />
176-->[com.google.firebase:firebase-firestore-ktx:24.8.1] AndroidManifest.xml:14:17-82
177            <meta-data
177-->[com.google.firebase:firebase-messaging-ktx:23.2.1] AndroidManifest.xml:26:13-28:85
178                android:name="com.google.firebase.components:com.google.firebase.messaging.ktx.FirebaseMessagingKtxRegistrar"
178-->[com.google.firebase:firebase-messaging-ktx:23.2.1] AndroidManifest.xml:27:17-126
179                android:value="com.google.firebase.components.ComponentRegistrar" />
179-->[com.google.firebase:firebase-messaging-ktx:23.2.1] AndroidManifest.xml:28:17-82
180            <meta-data
180-->[com.google.firebase:firebase-common-ktx:20.3.2] AndroidManifest.xml:14:13-16:85
181                android:name="com.google.firebase.components:com.google.firebase.ktx.FirebaseCommonKtxRegistrar"
181-->[com.google.firebase:firebase-common-ktx:20.3.2] AndroidManifest.xml:15:17-113
182                android:value="com.google.firebase.components.ComponentRegistrar" />
182-->[com.google.firebase:firebase-common-ktx:20.3.2] AndroidManifest.xml:16:17-82
183            <meta-data
183-->[com.google.firebase:firebase-database:20.2.2] AndroidManifest.xml:31:13-33:85
184                android:name="com.google.firebase.components:com.google.firebase.database.DatabaseRegistrar"
184-->[com.google.firebase:firebase-database:20.2.2] AndroidManifest.xml:32:17-109
185                android:value="com.google.firebase.components.ComponentRegistrar" />
185-->[com.google.firebase:firebase-database:20.2.2] AndroidManifest.xml:33:17-82
186            <meta-data
186-->[com.google.firebase:firebase-storage:20.2.1] AndroidManifest.xml:32:13-34:85
187                android:name="com.google.firebase.components:com.google.firebase.storage.StorageRegistrar"
187-->[com.google.firebase:firebase-storage:20.2.1] AndroidManifest.xml:33:17-107
188                android:value="com.google.firebase.components.ComponentRegistrar" />
188-->[com.google.firebase:firebase-storage:20.2.1] AndroidManifest.xml:34:17-82
189            <meta-data
189-->[com.google.firebase:firebase-firestore:24.8.1] AndroidManifest.xml:17:13-19:85
190                android:name="com.google.firebase.components:com.google.firebase.firestore.FirestoreRegistrar"
190-->[com.google.firebase:firebase-firestore:24.8.1] AndroidManifest.xml:18:17-111
191                android:value="com.google.firebase.components.ComponentRegistrar" />
191-->[com.google.firebase:firebase-firestore:24.8.1] AndroidManifest.xml:19:17-82
192            <meta-data
192-->[com.google.firebase:firebase-messaging:23.2.1] AndroidManifest.xml:53:13-55:85
193                android:name="com.google.firebase.components:com.google.firebase.messaging.FirebaseMessagingRegistrar"
193-->[com.google.firebase:firebase-messaging:23.2.1] AndroidManifest.xml:54:17-119
194                android:value="com.google.firebase.components.ComponentRegistrar" />
194-->[com.google.firebase:firebase-messaging:23.2.1] AndroidManifest.xml:55:17-82
195            <meta-data
195-->[com.google.firebase:firebase-datatransport:18.1.7] AndroidManifest.xml:27:13-29:85
196                android:name="com.google.firebase.components:com.google.firebase.datatransport.TransportRegistrar"
196-->[com.google.firebase:firebase-datatransport:18.1.7] AndroidManifest.xml:28:17-115
197                android:value="com.google.firebase.components.ComponentRegistrar" />
197-->[com.google.firebase:firebase-datatransport:18.1.7] AndroidManifest.xml:29:17-82
198            <meta-data
198-->[com.google.firebase:firebase-installations:17.1.3] AndroidManifest.xml:17:13-19:85
199                android:name="com.google.firebase.components:com.google.firebase.installations.FirebaseInstallationsRegistrar"
199-->[com.google.firebase:firebase-installations:17.1.3] AndroidManifest.xml:18:17-127
200                android:value="com.google.firebase.components.ComponentRegistrar" />
200-->[com.google.firebase:firebase-installations:17.1.3] AndroidManifest.xml:19:17-82
201        </service>
202
203        <activity
203-->[com.google.firebase:firebase-auth:22.1.2] AndroidManifest.xml:29:9-46:20
204            android:name="com.google.firebase.auth.internal.GenericIdpActivity"
204-->[com.google.firebase:firebase-auth:22.1.2] AndroidManifest.xml:30:13-80
205            android:excludeFromRecents="true"
205-->[com.google.firebase:firebase-auth:22.1.2] AndroidManifest.xml:31:13-46
206            android:exported="true"
206-->[com.google.firebase:firebase-auth:22.1.2] AndroidManifest.xml:32:13-36
207            android:launchMode="singleTask"
207-->[com.google.firebase:firebase-auth:22.1.2] AndroidManifest.xml:33:13-44
208            android:theme="@android:style/Theme.Translucent.NoTitleBar" >
208-->[com.google.firebase:firebase-auth:22.1.2] AndroidManifest.xml:34:13-72
209            <intent-filter>
209-->[com.google.firebase:firebase-auth:22.1.2] AndroidManifest.xml:35:13-45:29
210                <action android:name="android.intent.action.VIEW" />
210-->[com.google.firebase:firebase-auth:22.1.2] AndroidManifest.xml:36:17-69
210-->[com.google.firebase:firebase-auth:22.1.2] AndroidManifest.xml:36:25-66
211
212                <category android:name="android.intent.category.DEFAULT" />
212-->[com.google.firebase:firebase-auth:22.1.2] AndroidManifest.xml:38:17-76
212-->[com.google.firebase:firebase-auth:22.1.2] AndroidManifest.xml:38:27-73
213                <category android:name="android.intent.category.BROWSABLE" />
213-->[com.google.firebase:firebase-auth:22.1.2] AndroidManifest.xml:39:17-78
213-->[com.google.firebase:firebase-auth:22.1.2] AndroidManifest.xml:39:27-75
214
215                <data
215-->[com.google.firebase:firebase-auth:22.1.2] AndroidManifest.xml:41:17-44:51
216                    android:host="firebase.auth"
216-->[com.google.firebase:firebase-auth:22.1.2] AndroidManifest.xml:42:21-49
217                    android:path="/"
217-->[com.google.firebase:firebase-auth:22.1.2] AndroidManifest.xml:43:21-37
218                    android:scheme="genericidp" />
218-->[com.google.firebase:firebase-auth:22.1.2] AndroidManifest.xml:44:21-48
219            </intent-filter>
220        </activity>
221        <activity
221-->[com.google.firebase:firebase-auth:22.1.2] AndroidManifest.xml:47:9-64:20
222            android:name="com.google.firebase.auth.internal.RecaptchaActivity"
222-->[com.google.firebase:firebase-auth:22.1.2] AndroidManifest.xml:48:13-79
223            android:excludeFromRecents="true"
223-->[com.google.firebase:firebase-auth:22.1.2] AndroidManifest.xml:49:13-46
224            android:exported="true"
224-->[com.google.firebase:firebase-auth:22.1.2] AndroidManifest.xml:50:13-36
225            android:launchMode="singleTask"
225-->[com.google.firebase:firebase-auth:22.1.2] AndroidManifest.xml:51:13-44
226            android:theme="@android:style/Theme.Translucent.NoTitleBar" >
226-->[com.google.firebase:firebase-auth:22.1.2] AndroidManifest.xml:52:13-72
227            <intent-filter>
227-->[com.google.firebase:firebase-auth:22.1.2] AndroidManifest.xml:53:13-63:29
228                <action android:name="android.intent.action.VIEW" />
228-->[com.google.firebase:firebase-auth:22.1.2] AndroidManifest.xml:36:17-69
228-->[com.google.firebase:firebase-auth:22.1.2] AndroidManifest.xml:36:25-66
229
230                <category android:name="android.intent.category.DEFAULT" />
230-->[com.google.firebase:firebase-auth:22.1.2] AndroidManifest.xml:38:17-76
230-->[com.google.firebase:firebase-auth:22.1.2] AndroidManifest.xml:38:27-73
231                <category android:name="android.intent.category.BROWSABLE" />
231-->[com.google.firebase:firebase-auth:22.1.2] AndroidManifest.xml:39:17-78
231-->[com.google.firebase:firebase-auth:22.1.2] AndroidManifest.xml:39:27-75
232
233                <data
233-->[com.google.firebase:firebase-auth:22.1.2] AndroidManifest.xml:41:17-44:51
234                    android:host="firebase.auth"
234-->[com.google.firebase:firebase-auth:22.1.2] AndroidManifest.xml:42:21-49
235                    android:path="/"
235-->[com.google.firebase:firebase-auth:22.1.2] AndroidManifest.xml:43:21-37
236                    android:scheme="recaptcha" />
236-->[com.google.firebase:firebase-auth:22.1.2] AndroidManifest.xml:44:21-48
237            </intent-filter>
238        </activity> <!-- Needs to be explicitly declared on P+ -->
239        <uses-library
239-->[com.google.android.gms:play-services-maps:18.1.0] AndroidManifest.xml:39:9-41:40
240            android:name="org.apache.http.legacy"
240-->[com.google.android.gms:play-services-maps:18.1.0] AndroidManifest.xml:40:13-50
241            android:required="false" />
241-->[com.google.android.gms:play-services-maps:18.1.0] AndroidManifest.xml:41:13-37
242
243        <receiver
243-->[com.google.firebase:firebase-messaging:23.2.1] AndroidManifest.xml:29:9-36:20
244            android:name="com.google.firebase.iid.FirebaseInstanceIdReceiver"
244-->[com.google.firebase:firebase-messaging:23.2.1] AndroidManifest.xml:30:13-78
245            android:exported="true"
245-->[com.google.firebase:firebase-messaging:23.2.1] AndroidManifest.xml:31:13-36
246            android:permission="com.google.android.c2dm.permission.SEND" >
246-->[com.google.firebase:firebase-messaging:23.2.1] AndroidManifest.xml:32:13-73
247            <intent-filter>
247-->[com.google.firebase:firebase-messaging:23.2.1] AndroidManifest.xml:33:13-35:29
248                <action android:name="com.google.android.c2dm.intent.RECEIVE" />
248-->[com.google.firebase:firebase-messaging:23.2.1] AndroidManifest.xml:34:17-81
248-->[com.google.firebase:firebase-messaging:23.2.1] AndroidManifest.xml:34:25-78
249            </intent-filter>
250        </receiver>
251        <!--
252             FirebaseMessagingService performs security checks at runtime,
253             but set to not exported to explicitly avoid allowing another app to call it.
254        -->
255        <service
255-->[com.google.firebase:firebase-messaging:23.2.1] AndroidManifest.xml:42:9-49:19
256            android:name="com.google.firebase.messaging.FirebaseMessagingService"
256-->[com.google.firebase:firebase-messaging:23.2.1] AndroidManifest.xml:43:13-82
257            android:directBootAware="true"
257-->[com.google.firebase:firebase-messaging:23.2.1] AndroidManifest.xml:44:13-43
258            android:exported="false" >
258-->[com.google.firebase:firebase-messaging:23.2.1] AndroidManifest.xml:45:13-37
259            <intent-filter android:priority="-500" >
259-->src\main\AndroidManifest.xml:121:13-123:29
260                <action android:name="com.google.firebase.MESSAGING_EVENT" />
260-->src\main\AndroidManifest.xml:122:17-78
260-->src\main\AndroidManifest.xml:122:25-75
261            </intent-filter>
262        </service>
263
264        <provider
264-->[com.google.firebase:firebase-common:20.3.2] AndroidManifest.xml:25:9-30:39
265            android:name="com.google.firebase.provider.FirebaseInitProvider"
265-->[com.google.firebase:firebase-common:20.3.2] AndroidManifest.xml:26:13-77
266            android:authorities="com.example.dormyhunt.firebaseinitprovider"
266-->[com.google.firebase:firebase-common:20.3.2] AndroidManifest.xml:27:13-72
267            android:directBootAware="true"
267-->[com.google.firebase:firebase-common:20.3.2] AndroidManifest.xml:28:13-43
268            android:exported="false"
268-->[com.google.firebase:firebase-common:20.3.2] AndroidManifest.xml:29:13-37
269            android:initOrder="100" />
269-->[com.google.firebase:firebase-common:20.3.2] AndroidManifest.xml:30:13-36
270
271        <activity
271-->[com.google.android.gms:play-services-base:18.1.0] AndroidManifest.xml:20:9-22:45
272            android:name="com.google.android.gms.common.api.GoogleApiActivity"
272-->[com.google.android.gms:play-services-base:18.1.0] AndroidManifest.xml:20:19-85
273            android:exported="false"
273-->[com.google.android.gms:play-services-base:18.1.0] AndroidManifest.xml:22:19-43
274            android:theme="@android:style/Theme.Translucent.NoTitleBar" />
274-->[com.google.android.gms:play-services-base:18.1.0] AndroidManifest.xml:21:19-78
275
276        <meta-data
276-->[com.google.android.gms:play-services-basement:18.1.0] AndroidManifest.xml:21:9-23:69
277            android:name="com.google.android.gms.version"
277-->[com.google.android.gms:play-services-basement:18.1.0] AndroidManifest.xml:22:13-58
278            android:value="@integer/google_play_services_version" />
278-->[com.google.android.gms:play-services-basement:18.1.0] AndroidManifest.xml:23:13-66
279
280        <uses-library
280-->[androidx.window:window:1.0.0] AndroidManifest.xml:25:9-27:40
281            android:name="androidx.window.extensions"
281-->[androidx.window:window:1.0.0] AndroidManifest.xml:26:13-54
282            android:required="false" />
282-->[androidx.window:window:1.0.0] AndroidManifest.xml:27:13-37
283        <uses-library
283-->[androidx.window:window:1.0.0] AndroidManifest.xml:28:9-30:40
284            android:name="androidx.window.sidecar"
284-->[androidx.window:window:1.0.0] AndroidManifest.xml:29:13-51
285            android:required="false" />